<?xml version='1.0'?>
<ns2:test-suite xmlns:ns2='urn:model.allure.qatools.yandex.ru' start='1588553469171' stop='1588553473785'>
    <name>drop down handling</name>
    <title>drop down handling</title>
    <test-cases>
        <test-case start='1588553469172' status='pending' stop='1588553469172'>
            <name>select drop down value by text</name>
            <title>select drop down value by text</title>
            <labels/>
            <parameters/>
            <steps/>
            <attachments/>
            <failure>
                <message>Test ignored</message>
                <stack-trace>undefined</stack-trace>
            </failure>
        </test-case>
        <test-case start='1588553469172' status='pending' stop='1588553469172'>
            <name>select drop down value by index</name>
            <title>select drop down value by index</title>
            <labels/>
            <parameters/>
            <steps/>
            <attachments/>
            <failure>
                <message>Test ignored</message>
                <stack-trace>undefined</stack-trace>
            </failure>
        </test-case>
        <test-case start='1588553469172' status='pending' stop='1588553469172'>
            <name>select drop down value by attribute value</name>
            <title>select drop down value by attribute value</title>
            <labels/>
            <parameters/>
            <steps/>
            <attachments/>
            <failure>
                <message>Test ignored</message>
                <stack-trace>undefined</stack-trace>
            </failure>
        </test-case>
        <test-case start='1588553469172' status='passed' stop='1588553473785'>
            <name>get all the values from dropdown</name>
            <title>get all the values from dropdown</title>
            <labels>
                <label name='language' value='javascript'/>
                <label name='framework' value='wdio'/>
                <label name='thread' value='0-5'/>
            </labels>
            <parameters>
                <parameter kind='argument' name='browser' value='chrome'/>
            </parameters>
            <steps/>
            <attachments/>
        </test-case>
    </test-cases>
</ns2:test-suite>